[debug] [2023-03-29T09:19:36.973Z] ----------------------------------------------------------------------
[debug] [2023-03-29T09:19:36.979Z] Command:       C:\Program Files\nodejs\node.exe C:\Users\ASUS\AppData\Roaming\npm\node_modules\firebase-tools\lib\bin\firebase.js init hosting
[debug] [2023-03-29T09:19:36.982Z] CLI Version:   11.25.2
[debug] [2023-03-29T09:19:36.984Z] Platform:      win32
[debug] [2023-03-29T09:19:36.984Z] Node Version:  v18.12.1
[debug] [2023-03-29T09:19:37.003Z] Time:          Wed Mar 29 2023 14:49:36 GMT+0530 (India Standard Time)
[debug] [2023-03-29T09:19:37.004Z] ----------------------------------------------------------------------
[debug] 
[debug] [2023-03-29T09:19:37.318Z] > command requires scopes: ["email","openid","https://www.googleapis.com/auth/cloudplatformprojects.readonly","https://www.googleapis.com/auth/firebase","https://www.googleapis.com/auth/cloud-platform"]
[debug] [2023-03-29T09:19:37.319Z] > authorizing via signed-in user (harshsharma89682@gmail.com)
[info] 
     ######## #### ########  ######## ########     ###     ######  ########
     ##        ##  ##     ## ##       ##     ##  ##   ##  ##       ##
     ######    ##  ########  ######   ########  #########  ######  ######
     ##        ##  ##    ##  ##       ##     ## ##     ##       ## ##
     ##       #### ##     ## ######## ########  ##     ##  ######  ########

You're about to initialize a Firebase project in this directory:

  E:\portfolio

Before we get started, keep in mind:

  * You are initializing within an existing Firebase project directory

